1 page loaded
2 page loaded
3 page loaded
4 page loaded
5 page loaded
6 page loaded
operation complete: 6 pages saved
6
scrapping complete
1 page loaded
2 page loaded
3 page loaded
4 page loaded
5 page loaded
6 page loaded
operation complete: 6 pages saved
6
1 page loaded
2 page loaded
3 page loaded
4 page loaded
5 page loaded
6 page loaded
operation complete: 6 pages saved
6
1 page loaded
2 page loaded
3 page loaded
4 page loaded
5 page loaded
6 page loaded
operation complete: 6 pages saved
6
1 page loaded
2 page loaded
3 page loaded
4 page loaded
5 page loaded
6 page loaded
operation complete: 6 pages saved
6
1 page loaded
2 page loaded
3 page loaded
4 page loaded
5 page loaded
6 page loaded
operation complete: 6 pages saved
6
1 page loaded
2 page loaded
3 page loaded
4 page loaded
5 page loaded
6 page loaded
operation complete: 6 pages saved
6
1 page loaded
2 page loaded
3 page loaded
4 page loaded
5 page loaded
6 page loaded
operation complete: 6 pages saved
6
1 page loaded
operation complete: 1 pages saved
1
1 page loaded
2 page loaded
3 page loaded
4 page loaded
5 page loaded
6 page loaded
operation complete: 6 pages saved
6
0
1 page loaded
2 page loaded
3 page loaded
4 page loaded
5 page loaded
6 page loaded
operation complete: 6 pages saved
6
1 page loaded
operation complete: 1 pages saved
1
1 page loaded
2 page loaded
3 page loaded
4 page loaded
5 page loaded
6 page loaded
operation complete: 6 pages saved
6
1 page loaded
2 page loaded
3 page loaded
4 page loaded
5 page loaded
operation complete: 5 pages saved
5
1 page loaded
2 page loaded
3 page loaded
4 page loaded
5 page loaded
operation complete: 5 pages saved
5
1 page loaded
2 page loaded
3 page loaded
4 page loaded
5 page loaded
operation complete: 5 pages saved
5
0
0
0
0
0
1 page loaded
2 page loaded
3 page loaded
4 page loaded
5 page loaded
operation complete: 5 pages saved
5
1 page loaded
2 page loaded
3 page loaded
4 page loaded
5 page loaded
6 page loaded
operation complete: 6 pages saved
6
1 page loaded
2 page loaded
3 page loaded
4 page loaded
5 page loaded
6 page loaded
operation complete: 6 pages saved
6
1 page loaded
2 page loaded
3 page loaded
4 page loaded
5 page loaded
operation complete: 5 pages saved
5
1 page loaded
2 page loaded
3 page loaded
4 page loaded
5 page loaded
operation complete: 5 pages saved
5
1 page loaded
2 page loaded
3 page loaded
4 page loaded
5 page loaded
operation complete: 5 pages saved
5
1 page loaded
2 page loaded
3 page loaded
4 page loaded
5 page loaded
operation complete: 5 pages saved
5
1 page loaded
2 page loaded
3 page loaded
4 page loaded
5 page loaded
operation complete: 5 pages saved
5
1 page loaded
2 page loaded
3 page loaded
4 page loaded
5 page loaded
operation complete: 5 pages saved
5
Successfully captured 96 products
1 page loaded
operation complete: 1 pages saved
1
Successfully captured 100 products
1 page loaded
2 page loaded
3 page loaded
4 page loaded
5 page loaded
operation complete: 5 pages saved
5
Successfully captured 100 products
1 page loaded
2 page loaded
3 page loaded
4 page loaded
5 page loaded
operation complete: 5 pages saved
5
Successfully captured 100 products
1 page loaded
2 page loaded
3 page loaded
4 page loaded
5 page loaded
operation complete: 5 pages saved
5
Successfully captured 100 products
1 page loaded
2 page loaded
3 page loaded
operation complete: 3 pages saved
3
Successfully captured 100 products
5
Successfully captured 100 products
1 page loaded
2 page loaded
3 page loaded
4 page loaded
5 page loaded
operation complete: 5 pages saved
5
1 pages removed
Successfully captured 100 products
1 page loaded
2 page loaded
3 page loaded
4 page loaded
5 page loaded
operation complete: 5 pages saved
5
0 pages removed
Successfully captured 91 products
1 page loaded
2 page loaded
3 page loaded
4 page loaded
5 page loaded
operation complete: 5 pages saved
5
Successfully captured 98 products
1 page loaded
2 page loaded
3 page loaded
4 page loaded
5 page loaded
operation complete: 5 pages saved
5
Successfully captured 98 products
0
1 page loaded
2 page loaded
operation complete: 2 pages saved
2
Successfully captured 98 products
1 page loaded
2 page loaded
3 page loaded
4 page loaded
5 page loaded
operation complete: 5 pages saved
1 pages removed
1 page loaded
2 page loaded
3 page loaded
4 page loaded
5 page loaded
operation complete: 5 pages saved
1 pages removed
1 page loaded
2 page loaded
3 page loaded
4 page loaded
5 page loaded
operation complete: 5 pages saved
1 pages removed
1 page loaded
2 page loaded
3 page loaded
4 page loaded
5 page loaded
6 page loaded
7 page loaded
8 page loaded
operation complete: 8 pages saved
1 pages removed
1 pages removed
1 page loaded
operation complete: 1 pages saved
1 pages removed
1 page loaded
2 page loaded
3 page loaded
4 page loaded
5 page loaded
operation complete: 5 pages saved
1 pages removed
1 page loaded
2 page loaded
3 page loaded
4 page loaded
5 page loaded
operation complete: 5 pages saved
0 pages removed
1 page loaded
2 page loaded
3 page loaded
4 page loaded
5 page loaded
6 page loaded
operation complete: 6 pages saved
1 pages removed
1 pages removed
1 page loaded
2 page loaded
3 page loaded
4 page loaded
5 page loaded
6 page loaded
7 page loaded
operation complete: 7 pages saved
1 pages removed
1 page loaded
2 page loaded
3 page loaded
4 page loaded
5 page loaded
6 page loaded
7 page loaded
operation complete: 7 pages saved
0 pages removed
1 page loaded
2 page loaded
3 page loaded
4 page loaded
5 page loaded
6 page loaded
7 page loaded
operation complete: 7 pages saved
1 page loaded
2 page loaded
3 page loaded
4 page loaded
5 page loaded
6 page loaded
7 page loaded
operation complete: 7 pages saved
1 page loaded
2 page loaded
3 page loaded
4 page loaded
5 page loaded
6 page loaded
7 page loaded
operation complete: 7 pages saved
0 pages removed
